Arguments: 
  C:\Program Files\nodejs\node.exe C:\Program Files\nodejs\node_modules\yarn\bin\yarn.js add solidity-string-utils

PATH: 
  C:\Program Files\PowerShell\7;C:\Program Files\Common Files\Oracle\Java\javapath;C:\Windows\system32;C:\Windows;C:\Windows\System32\Wbem;C:\Windows\System32\WindowsPowerShell\v1.0\;C:\Windows\System32\OpenSSH\;C:\Program Files (x86)\NVIDIA Corporation\PhysX\Common;C:\Program Files\NVIDIA Corporation\NVIDIA NvDLISR;C:\WINDOWS\system32;C:\WINDOWS;C:\WINDOWS\System32\Wbem;C:\WINDOWS\System32\WindowsPowerShell\v1.0\;C:\WINDOWS\System32\OpenSSH\;C:\Program Files\Microsoft VS Code\bin;C:\Users\praka\AppData\Roaming\nvm;C:\Program Files\nodejs;C:\Program Files\dotnet\;C:\Program Files\Git\cmd;C:\Program Files (x86)\Windows Kits\10\Windows Performance Toolkit\;C:\Program Files\Cloudflare\Cloudflare WARP\;C:\Program Files (x86)\Tailscale IPN;C:\ProgramData\chocolatey\bin;C:\Program Files\PowerShell\7\;C:\Program Files\starship\bin\;C:\Users\praka\scoop\shims;C:\Users\praka\.cargo\bin;C:\Users\praka\AppData\Local\Programs\Python\Python310\Scripts\;C:\Users\praka\AppData\Local\Programs\Python\Python310\;C:\Users\praka\AppData\Local\Microsoft\WindowsApps;C:\Users\praka\AppData\Local\GitHubDesktop\bin

Yarn version: 
  1.22.19

Node version: 
  16.15.0

Platform: 
  win32 x64

Trace: 
  Error: EPERM: operation not permitted, unlink 'C:\WorkSpace\web3\wallet-contracts\node_modules\@nomicfoundation\solidity-analyzer-win32-x64-msvc\solidity-analyzer.win32-x64-msvc.node'

npm manifest: 
  {
    "name": "hardhat-project",
    "devDependencies": {
      "@nomicfoundation/hardhat-toolbox": "^2.0.0",
      "hardhat": "^2.12.3",
      "hardhat-deploy": "^0.11.22"
    },
    "dependencies": {
      "@account-abstraction/contracts": "^0.3.0",
      "@account-abstraction/sdk": "^0.3.0",
      "@openzeppelin/contracts": "^4.8.0",
      "dotenv": "^16.0.3"
    }
  }

yarn manifest: 
  No manifest

Lockfile: 
  No lockfile
